Base path: D:/Unity/Editor/Data
Cmd: initializeCompiler
Cmd: preprocess
  insize=7234 outsize=2257 ok=1
Cmd: preprocess
  insize=3079 outsize=301 ok=1
Cmd: preprocess
  insize=2963 outsize=388 ok=1
Cmd: preprocess
  insize=2046 outsize=1011 ok=1
Cmd: preprocess
  insize=2542 outsize=276 ok=1
Cmd: preprocess
  insize=2582 outsize=368 ok=1
Cmd: preprocess
  insize=1396 outsize=462 ok=1
Cmd: compileComputeKernel
  api=4 insize=1386 outsize=1561 ok=1
Cmd: preprocess
  insize=3618 outsize=353 ok=1
Cmd: preprocess
  insize=537 outsize=534 ok=1
Cmd: preprocess
  insize=5780 outsize=1782 ok=1
Cmd: compileComputeKernel
  api=4 insize=3182 outsize=1925 ok=1
Cmd: preprocess
  insize=2188 outsize=281 ok=1
Cmd: preprocess
  insize=31310 outsize=1466 ok=1
Cmd: preprocess
  insize=2601 outsize=1306 ok=1
Cmd: preprocess
  insize=7066 outsize=798 ok=1
Cmd: preprocess
  insize=934 outsize=279 ok=1
Cmd: preprocess
  insize=6596 outsize=468 ok=1
Cmd: preprocess
  insize=1868 outsize=283 ok=1
Cmd: preprocess
  insize=11336 outsize=651 ok=1
Cmd: preprocess
  insize=2431 outsize=468 ok=1
Cmd: preprocess
  insize=4145 outsize=528 ok=1
Cmd: compileComputeKernel
  api=4 insize=1484 outsize=1533 ok=1
Cmd: preprocess
  insize=3145 outsize=579 ok=1
Cmd: preprocess
  insize=5415 outsize=2549 ok=1
Cmd: preprocess
  insize=1652 outsize=346 ok=1
Cmd: preprocess
  insize=2920 outsize=957 ok=1
Cmd: preprocess
  insize=3309 outsize=229 ok=1
Cmd: compileComputeKernel
  api=4 insize=2285 outsize=1341 ok=1
Cmd: preprocess
  insize=3314 outsize=1462 ok=1
Cmd: preprocess
  insize=1893 outsize=902 ok=1
